  Main.cpp
c:\users\oscar\documents\github\multibody-sim\app\main.cpp(102): warning C4838: conversion from 'double' to 'float' requires a narrowing conversion
c:\users\oscar\documents\github\multibody-sim\app\main.cpp(101): warning C4244: 'initializing': conversion from 'double' to 'float', possible loss of data
c:\users\oscar\documents\github\multibody-sim\app\main.cpp(112): warning C4838: conversion from 'double' to 'float' requires a narrowing conversion
c:\users\oscar\documents\github\multibody-sim\app\main.cpp(108): warning C4244: 'initializing': conversion from 'double' to 'float', possible loss of data
c:\users\oscar\documents\github\multibody-sim\app\main.cpp(109): warning C4244: 'initializing': conversion from 'double' to 'float', possible loss of data
c:\users\oscar\documents\github\multibody-sim\app\main.cpp(212): warning C4267: 'initializing': conversion from 'size_t' to 'int', possible loss of data
c:\users\oscar\documents\github\multibody-sim\app\main.cpp(450): warning C4244: 'initializing': conversion from 'double' to 'float', possible loss of data
c:\users\oscar\documents\github\multibody-sim\app\main.cpp(451): warning C4244: 'initializing': conversion from 'double' to 'float', possible loss of data
c:\users\oscar\documents\github\multibody-sim\app\main.cpp(452): warning C4244: 'initializing': conversion from 'double' to 'float', possible loss of data
c:\users\oscar\documents\github\multibody-sim\app\main.cpp(551): warning C4018: '<': signed/unsigned mismatch
c:\users\oscar\documents\github\multibody-sim\app\main.cpp(555): warning C4267: '=': conversion from 'size_t' to 'int', possible loss of data
c:\users\oscar\documents\github\multibody-sim\app\main.cpp(561): warning C4267: '=': conversion from 'size_t' to 'int', possible loss of data
c:\users\oscar\documents\github\multibody-sim\app\main.cpp(567): warning C4267: '=': conversion from 'size_t' to 'int', possible loss of data
c:\users\oscar\documents\github\multibody-sim\app\main.cpp(620): warning C4305: 'argument': truncation from 'double' to 'float'
c:\users\oscar\documents\github\multibody-sim\app\main.cpp(626): warning C4244: 'argument': conversion from 'double' to 'GLfloat', possible loss of data
c:\users\oscar\documents\github\multibody-sim\app\main.cpp(630): warning C4267: 'argument': conversion from 'size_t' to 'GLsizei', possible loss of data
c:\users\oscar\documents\github\multibody-sim\app\main.cpp(645): warning C4305: 'argument': truncation from 'double' to 'float'
c:\users\oscar\documents\github\multibody-sim\app\main.cpp(653): warning C4267: 'argument': conversion from 'size_t' to 'GLsizei', possible loss of data
c:\users\oscar\documents\github\multibody-sim\app\main.cpp(868): warning C4305: 'argument': truncation from 'double' to 'float'
c:\users\oscar\documents\github\multibody-sim\app\main.cpp(927): warning C4305: 'argument': truncation from 'double' to 'float'
c:\users\oscar\documents\github\multibody-sim\app\main.cpp(1012): warning C4005: 'COLOR_BLACK': macro redefinition
  c:\users\oscar\documents\github\multibody-sim\app\main.cpp(995): note: see previous definition of 'COLOR_BLACK'
c:\users\oscar\documents\github\multibody-sim\app\main.cpp(1047): warning C4305: 'initializing': truncation from 'double' to 'float'
c:\users\oscar\documents\github\multibody-sim\app\main.cpp(1094): warning C4244: '=': conversion from 'double' to 'float', possible loss of data
c:\users\oscar\documents\github\multibody-sim\app\main.cpp(1096): warning C4244: '=': conversion from 'double' to 'float', possible loss of data
c:\users\oscar\documents\github\multibody-sim\app\main.cpp(1098): warning C4244: '=': conversion from 'double' to 'float', possible loss of data
c:\users\oscar\documents\github\multibody-sim\app\main.cpp(1100): warning C4244: '=': conversion from 'double' to 'float', possible loss of data
c:\users\oscar\documents\github\multibody-sim\app\main.cpp(1143): warning C4554: '&': check operator precedence for possible error; use parentheses to clarify precedence
c:\users\oscar\documents\github\multibody-sim\app\main.cpp(1157): warning C4554: '&': check operator precedence for possible error; use parentheses to clarify precedence
c:\users\oscar\documents\github\multibody-sim\app\main.cpp(1197): warning C4244: '=': conversion from 'double' to 'float', possible loss of data
c:\users\oscar\documents\github\multibody-sim\app\main.cpp(1200): warning C4244: '=': conversion from 'double' to 'float', possible loss of data
c:\users\oscar\documents\github\multibody-sim\app\main.cpp(1211): warning C4244: '=': conversion from 'double' to 'float', possible loss of data
c:\users\oscar\documents\github\multibody-sim\app\main.cpp(1214): warning C4244: '=': conversion from 'double' to 'float', possible loss of data
c:\users\oscar\documents\github\multibody-sim\app\main.cpp(1249): warning C4305: 'initializing': truncation from 'double' to 'float'
c:\users\oscar\documents\github\multibody-sim\app\main.cpp(1265): warning C4305: 'initializing': truncation from 'double' to 'float'
c:\users\oscar\documents\github\multibody-sim\app\main.cpp(1266): warning C4305: 'initializing': truncation from 'double' to 'float'
c:\users\oscar\documents\github\multibody-sim\app\main.cpp(1267): warning C4305: 'initializing': truncation from 'double' to 'float'
c:\users\oscar\documents\github\multibody-sim\app\main.cpp(1268): warning C4305: 'initializing': truncation from 'double' to 'float'
c:\users\oscar\documents\github\multibody-sim\app\main.cpp(1270): warning C4305: 'initializing': truncation from 'double' to 'float'
c:\users\oscar\documents\github\multibody-sim\app\main.cpp(1285): warning C4244: 'argument': conversion from 'double' to 'float', possible loss of data
c:\users\oscar\documents\github\multibody-sim\app\main.cpp(1293): warning C4244: 'argument': conversion from 'double' to 'float', possible loss of data
c:\users\oscar\documents\github\multibody-sim\app\main.cpp(1301): warning C4244: 'argument': conversion from 'double' to 'float', possible loss of data
c:\users\oscar\documents\github\multibody-sim\app\main.cpp(1309): warning C4244: 'argument': conversion from 'double' to 'float', possible loss of data
c:\users\oscar\documents\github\multibody-sim\app\main.cpp(1314): warning C4244: '+=': conversion from 'double' to 'float', possible loss of data
c:\users\oscar\documents\github\multibody-sim\app\main.cpp(1315): warning C4244: '+=': conversion from 'double' to 'float', possible loss of data
c:\users\oscar\documents\github\multibody-sim\app\main.cpp(1316): warning C4244: '+=': conversion from 'double' to 'float', possible loss of data
c:\users\oscar\documents\github\multibody-sim\app\main.cpp(1327): warning C4267: 'initializing': conversion from 'size_t' to 'int', possible loss of data
c:\users\oscar\documents\github\multibody-sim\app\main.cpp(1371): warning C4244: '=': conversion from 'int' to 'float', possible loss of data
c:\users\oscar\documents\github\multibody-sim\app\main.cpp(1372): warning C4244: '=': conversion from 'int' to 'float', possible loss of data
c:\users\oscar\documents\github\multibody-sim\app\main.cpp(1373): warning C4244: 'argument': conversion from 'float' to 'GLsizei', possible loss of data
c:\users\oscar\documents\github\multibody-sim\app\main.cpp(1381): warning C4244: 'argument': conversion from 'float' to 'int', possible loss of data
c:\users\oscar\documents\github\multibody-sim\app\main.cpp(1470): warning C4305: 'argument': truncation from 'double' to 'GLclampf'
c:\users\oscar\documents\github\multibody-sim\app\main.cpp(1472): warning C4305: 'argument': truncation from 'double' to 'float'
c:\users\oscar\documents\github\multibody-sim\app\main.cpp(1472): warning C4244: 'argument': conversion from 'double' to 'float', possible loss of data
c:\users\oscar\documents\github\multibody-sim\app\main.cpp(1485): warning C4244: 'argument': conversion from 'double' to 'float', possible loss of data
c:\users\oscar\documents\github\multibody-sim\app\main.cpp(1486): warning C4244: 'argument': conversion from 'double' to 'float', possible loss of data
c:\users\oscar\documents\github\multibody-sim\app\main.cpp(1487): warning C4244: 'argument': conversion from 'double' to 'float', possible loss of data
c:\users\oscar\documents\github\multibody-sim\app\main.cpp(1494): warning C4305: '-=': truncation from 'double' to 'float'
c:\users\oscar\documents\github\multibody-sim\app\main.cpp(1495): warning C4305: '+=': truncation from 'double' to 'float'
c:\users\oscar\documents\github\multibody-sim\app\main.cpp(1496): warning C4305: '-=': truncation from 'double' to 'float'
c:\users\oscar\documents\github\multibody-sim\app\main.cpp(1497): warning C4305: '+=': truncation from 'double' to 'float'
c:\users\oscar\documents\github\multibody-sim\app\main.cpp(1420): warning C4101: 'mv': unreferenced local variable
  mbody.vcxproj -> C:\Users\oscar\Documents\GitHub\Multibody-sim\x64\Debug\mbody.exe
